Using pre-set license
Built from '2020.3/staging' branch; Version is '2020.3.13f1 (71691879b7f5) revision 7432472'; Using compiler version '192528614'; Build Type 'Release'
OS: 'Windows 10 Home; OS build 22000.71; Version 2009; 64bit' Language: 'en' Physical Memory: 32686 MB
BatchMode: 1, IsHumanControllingUs: 0, StartBugReporterOnCrash: 0, Is64bit: 1, IsPro: 0

 COMMAND LINE ARGUMENTS:
D:\Program Files\Unity Hub\2020.3.13f1\Editor\Unity.exe
-adb2
-batchMode
-noUpm
-name
AssetImportWorker0
-projectPath
D:/Unity Projects/Backtrace Asterax/unity-asterax
-logFile
Logs/AssetImportWorker0.log
-srvPort
61362
Successfully changed project path to: D:/Unity Projects/Backtrace Asterax/unity-asterax
D:/Unity Projects/Backtrace Asterax/unity-asterax
Using Asset Import Pipeline V2.
Refreshing native plugins compatible for Editor in 57.69 ms, found 0 plugins.
Preloading 0 native plugins for Editor in 0.00 ms.
Initialize engine version: 2020.3.13f1 (71691879b7f5)
[Subsystems] Discovering subsystems at path D:/Program Files/Unity Hub/2020.3.13f1/Editor/Data/Resources/UnitySubsystems
[Subsystems] Discovering subsystems at path D:/Unity Projects/Backtrace Asterax/unity-asterax/Assets
GfxDevice: creating device client; threaded=0
Direct3D:
    Version:  Direct3D 11.0 [level 11.1]
    Renderer: NVIDIA GeForce RTX 2080 (ID=0x1e87)
    Vendor:   
    VRAM:     8010 MB
    Driver:   27.21.14.5671
Initialize mono
Mono path[0] = 'D:/Program Files/Unity Hub/2020.3.13f1/Editor/Data/Managed'
Mono path[1] = 'D:/Program Files/Unity Hub/2020.3.13f1/Editor/Data/MonoBleedingEdge/lib/mono/unityjit'
Mono config path = 'D:/Program Files/Unity Hub/2020.3.13f1/Editor/Data/MonoBleedingEdge/etc'
Using monoOptions --debugger-agent=transport=dt_socket,embedding=1,server=y,suspend=n,address=127.0.0.1:56208
Begin MonoManager ReloadAssembly
Registering precompiled unity dll's ...
Register platform support module: D:/Program Files/Unity Hub/2020.3.13f1/Editor/Data/PlaybackEngines/WebGLSupport/UnityEditor.WebGL.Extensions.dll
Register platform support module: D:/Program Files/Unity Hub/2020.3.13f1/Editor/Data/PlaybackEngines/MacStandaloneSupport/UnityEditor.OSXStandalone.Extensions.dll
Register platform support module: D:/Program Files/Unity Hub/2020.3.13f1/Editor/Data/PlaybackEngines/WindowsStandaloneSupport/UnityEditor.WindowsStandalone.Extensions.dll
Registered in 0.003008 seconds.
Native extension for WindowsStandalone target not found
Native extension for OSXStandalone target not found
Native extension for WebGL target not found
Refreshing native plugins compatible for Editor in 39.09 ms, found 0 plugins.
Preloading 0 native plugins for Editor in 0.00 ms.
Mono: successfully reloaded assembly
- Completed reload, in  4.758 seconds
Platform modules already initialized, skipping
Registering precompiled user dll's ...
Registered in 0.003836 seconds.
Begin MonoManager ReloadAssembly
Native extension for WindowsStandalone target not found
Native extension for OSXStandalone target not found
Native extension for WebGL target not found
Refreshing native plugins compatible for Editor in 46.90 ms, found 0 plugins.
Preloading 0 native plugins for Editor in 0.00 ms.
Mono: successfully reloaded assembly
- Completed reload, in  1.101 seconds
Platform modules already initialized, skipping
========================================================================
Worker process is ready to serve import requests
Launched and connected shader compiler UnityShaderCompiler.exe after 0.12 seconds
Refreshing native plugins compatible for Editor in 1.07 ms, found 0 plugins.
Preloading 0 native plugins for Editor in 0.00 ms.
Unloading 2035 Unused Serialized files (Serialized files now loaded: 0)
System memory in use before: 83.7 MB.
System memory in use after: 83.8 MB.

Unloading 66 unused Assets to reduce memory usage. Loaded Objects now: 2436.
Total: 7.480200 ms (FindLiveObjects: 0.212200 ms CreateObjectMapping: 0.074000 ms MarkObjects: 7.075300 ms  DeleteObjects: 0.117500 ms)

AssetImportParameters requested are different than current active one (requested -> active):
  custom:framework-win-MediaFoundation: 216162199b28c13a410421893ffa2e32 -> 
  custom:video-decoder-ogg-theora: a1e56fd34408186e4bbccfd4996cb3dc -> 
  custom:container-muxer-webm: aa71ff27fc2769a1b78a27578f13a17b -> 
  custom:container-demuxer-webm: 4f35f7cbe854078d1ac9338744f61a02 -> 
  custom:container-demuxer-ogg: 62fdf1f143b41e24485cea50d1cbac27 -> 
  custom:video-encoder-webm-vp8: eb34c28f22e8b96e1ab97ce403110664 -> 
  custom:video-codec-MediaFoundation-h265: e54d7ab0439102e2317fc1e4b246158d -> 
  custom:video-decoder-webm-vp8: 9c59270c3fd7afecdb556c50c9e8de78 -> 
  custom:audio-decoder-ogg-vorbis: bf7c407c2cedff20999df2af8eb42d56 -> 
  custom:audio-encoder-webm-vorbis: bf7c407c2cedff20999df2af8eb42d56 -> 
========================================================================
Received Import Request.
  path: Assets/AsteraX.inputactions
  artifactKey: Guid(f1052a65815b147628f03d5cdbcf5519) Importer(815301076,1909f56bfc062723c751e8b465ee728b)
Start importing Assets/AsteraX.inputactions using Guid(f1052a65815b147628f03d5cdbcf5519) Importer(815301076,1909f56bfc062723c751e8b465ee728b)  -> (artifact id: '674d517de04683ff74441abe9dd0ed47') in 0.081269 seconds 
  Import took 0.084575 seconds .

========================================================================
Received Import Request.
  Time since last request: 26.166938 seconds.
  path: Assets/Models/Asteroid_A_Model.asset
  artifactKey: Guid(91770e2a0018f4edcaecf7eaa642d3a0) Importer(815301076,1909f56bfc062723c751e8b465ee728b)
Start importing Assets/Models/Asteroid_A_Model.asset using Guid(91770e2a0018f4edcaecf7eaa642d3a0) Importer(815301076,1909f56bfc062723c751e8b465ee728b)  -> (artifact id: '66a5208e7dbab2b2d2cb09fbd0fbda68') in 0.370237 seconds 
  Import took 0.374269 seconds .

========================================================================
Received Import Request.
  Time since last request: 0.000775 seconds.
  path: Assets/Models/Asteroid_B_Model.asset
  artifactKey: Guid(8a6d16120a6584df699bfb0d49da4a35) Importer(815301076,1909f56bfc062723c751e8b465ee728b)
Start importing Assets/Models/Asteroid_B_Model.asset using Guid(8a6d16120a6584df699bfb0d49da4a35) Importer(815301076,1909f56bfc062723c751e8b465ee728b)  -> (artifact id: '23805ef471c87c8dbe062874e8456963') in 0.029488 seconds 
  Import took 0.033028 seconds .

========================================================================
Received Import Request.
  Time since last request: 0.000754 seconds.
  path: Assets/Models/Asteroid_C_Model.asset
  artifactKey: Guid(3fdb7a200b77b43488664f6a5c077ef6) Importer(815301076,1909f56bfc062723c751e8b465ee728b)
Start importing Assets/Models/Asteroid_C_Model.asset using Guid(3fdb7a200b77b43488664f6a5c077ef6) Importer(815301076,1909f56bfc062723c751e8b465ee728b)  -> (artifact id: '701e28d5d035bee25c1a74ade83e3f5b') in 0.025570 seconds 
  Import took 0.029575 seconds .

========================================================================
Received Import Request.
  Time since last request: 0.658812 seconds.
  path: Assets/Prefabs/Bullet.prefab
  artifactKey: Guid(0e9c239fd33d94404b671bc44ab4f6b4) Importer(815301076,1909f56bfc062723c751e8b465ee728b)
Start importing Assets/Prefabs/Bullet.prefab using Guid(0e9c239fd33d94404b671bc44ab4f6b4) Importer(815301076,1909f56bfc062723c751e8b465ee728b)  -> (artifact id: 'a61b2e69b10df7f98d3efd80065e3a55') in 0.066985 seconds 
  Import took 0.070061 seconds .

========================================================================
Received Import Request.
  Time since last request: 0.000666 seconds.
  path: Assets/Prefabs/PlayerShip.prefab
  artifactKey: Guid(2c350f2ea6d36435b8b50bf6e3c429cb) Importer(815301076,1909f56bfc062723c751e8b465ee728b)
Start importing Assets/Prefabs/PlayerShip.prefab using Guid(2c350f2ea6d36435b8b50bf6e3c429cb) Importer(815301076,1909f56bfc062723c751e8b465ee728b)  -> (artifact id: '1a4ba22f82aab59907d50123329f2def') in 0.281883 seconds 
  Import took 0.286575 seconds .

========================================================================
Received Import Request.
  Time since last request: 10.156733 seconds.
  path: Assets/Textures & Materials/Asteroid_A__mat.mat
  artifactKey: Guid(81f71220c3c2b4073937cd768d0ab8dd) Importer(815301076,1909f56bfc062723c751e8b465ee728b)
Start importing Assets/Textures & Materials/Asteroid_A__mat.mat using Guid(81f71220c3c2b4073937cd768d0ab8dd) Importer(815301076,1909f56bfc062723c751e8b465ee728b)  -> (artifact id: '60b2649dd0928f25b9f0ae97c3c778fd') in 0.538799 seconds 
  Import took 0.542556 seconds .

========================================================================
Received Import Request.
  Time since last request: 0.000339 seconds.
  path: Assets/Textures & Materials/Bullet Mat.mat
  artifactKey: Guid(454dc58e84dcb47f0ac327ddd284ea97) Importer(815301076,1909f56bfc062723c751e8b465ee728b)
Start importing Assets/Textures & Materials/Bullet Mat.mat using Guid(454dc58e84dcb47f0ac327ddd284ea97) Importer(815301076,1909f56bfc062723c751e8b465ee728b)  -> (artifact id: '90abc530dff8db5f1b5e497c3a9a0e34') in 0.021609 seconds 
  Import took 0.026687 seconds .

========================================================================
Received Import Request.
  Time since last request: 0.000590 seconds.
  path: Assets/Standard Assets/Fonts/Unipix.ttf
  artifactKey: Guid(1f16052dfd5f6f54e94e97ecedd4c86b) Importer(815301076,1909f56bfc062723c751e8b465ee728b)
Start importing Assets/Standard Assets/Fonts/Unipix.ttf using Guid(1f16052dfd5f6f54e94e97ecedd4c86b) Importer(815301076,1909f56bfc062723c751e8b465ee728b)  -> (artifact id: 'b29a3e3ed27741f1e49ed2b1046c207a') in 0.117339 seconds 
  Import took 0.121459 seconds .

========================================================================
Received Import Request.
  Time since last request: 0.000348 seconds.
  path: Assets/Textures & Materials/ShipTurret0_Material.mat
  artifactKey: Guid(4e45c4c6f46934a889eee21879fa72be) Importer(815301076,1909f56bfc062723c751e8b465ee728b)
Start importing Assets/Textures & Materials/ShipTurret0_Material.mat using Guid(4e45c4c6f46934a889eee21879fa72be) Importer(815301076,1909f56bfc062723c751e8b465ee728b)  -> (artifact id: '91e951bada62e01962319de97ab0378b') in 0.022184 seconds 
  Import took 0.025603 seconds .

========================================================================
Received Import Request.
  Time since last request: 0.000503 seconds.
  path: Assets/Standard Assets/Fonts/OpenSans/OpenSansRegular.ttf
  artifactKey: Guid(b51a3e520f9164da198dc59c8acfccd6) Importer(815301076,1909f56bfc062723c751e8b465ee728b)
Start importing Assets/Standard Assets/Fonts/OpenSans/OpenSansRegular.ttf using Guid(b51a3e520f9164da198dc59c8acfccd6) Importer(815301076,1909f56bfc062723c751e8b465ee728b)  -> (artifact id: '7ea5a707462cf2fefcd02f5055c2f5dd') in 0.029718 seconds 
  Import took 0.033740 seconds .

========================================================================
Received Import Request.
  Time since last request: 0.000398 seconds.
  path: Assets/Standard Assets/Fonts/OpenSans/OpenSansSemibold.ttf
  artifactKey: Guid(01cd679a1b9ee48bf9c546f6ce2cb97e) Importer(815301076,1909f56bfc062723c751e8b465ee728b)
Start importing Assets/Standard Assets/Fonts/OpenSans/OpenSansSemibold.ttf using Guid(01cd679a1b9ee48bf9c546f6ce2cb97e) Importer(815301076,1909f56bfc062723c751e8b465ee728b)  -> (artifact id: '9843780996190637101ea58ba66edef5') in 0.029286 seconds 
  Import took 0.032661 seconds .

========================================================================
Received Import Request.
  Time since last request: 0.000384 seconds.
  path: Assets/Textures & Materials/Asteroid_C__mat.mat
  artifactKey: Guid(48f0aff63167c4f5f9ab2c3fbd391bc1) Importer(815301076,1909f56bfc062723c751e8b465ee728b)
Start importing Assets/Textures & Materials/Asteroid_C__mat.mat using Guid(48f0aff63167c4f5f9ab2c3fbd391bc1) Importer(815301076,1909f56bfc062723c751e8b465ee728b)  -> (artifact id: 'd9caabab92edb2ed085870799c2d4e43') in 0.097747 seconds 
  Import took 0.100755 seconds .

========================================================================
Received Import Request.
  Time since last request: 0.000516 seconds.
  path: Assets/Standard Assets/Fonts/OpenSans/OpenSansBold.ttf
  artifactKey: Guid(87c316b602156405d92e616621658222) Importer(815301076,1909f56bfc062723c751e8b465ee728b)
Start importing Assets/Standard Assets/Fonts/OpenSans/OpenSansBold.ttf using Guid(87c316b602156405d92e616621658222) Importer(815301076,1909f56bfc062723c751e8b465ee728b)  -> (artifact id: '38eb56e04e3e0a2f2c47fe602b7dcdbc') in 0.023458 seconds 
  Import took 0.026302 seconds .

========================================================================
Received Import Request.
  Time since last request: 0.000513 seconds.
  path: Assets/Textures & Materials/Asteroid_B__mat.mat
  artifactKey: Guid(32969720be44c4272bf90d077d1ea46d) Importer(815301076,1909f56bfc062723c751e8b465ee728b)
Start importing Assets/Textures & Materials/Asteroid_B__mat.mat using Guid(32969720be44c4272bf90d077d1ea46d) Importer(815301076,1909f56bfc062723c751e8b465ee728b)  -> (artifact id: '1de25bd746312f1e053f265f64945d40') in 0.064893 seconds 
  Import took 0.067913 seconds .

========================================================================
Received Import Request.
  Time since last request: 0.000444 seconds.
  path: Assets/Standard Assets/Fonts/OpenSans/OpenSansLight.ttf
  artifactKey: Guid(04a842e316b6f44bf8da702de26a8ed6) Importer(815301076,1909f56bfc062723c751e8b465ee728b)
Start importing Assets/Standard Assets/Fonts/OpenSans/OpenSansLight.ttf using Guid(04a842e316b6f44bf8da702de26a8ed6) Importer(815301076,1909f56bfc062723c751e8b465ee728b)  -> (artifact id: 'bd6c3fcec701ad8ce2cf217c7adbe558') in 0.022838 seconds 
  Import took 0.026008 seconds .

========================================================================
Received Import Request.
  Time since last request: 0.000687 seconds.
  path: Assets/Textures & Materials/ShipBody0_Material.mat
  artifactKey: Guid(cfabab27fbd774f7f80c8ca12ebb7306) Importer(815301076,1909f56bfc062723c751e8b465ee728b)
Start importing Assets/Textures & Materials/ShipBody0_Material.mat using Guid(cfabab27fbd774f7f80c8ca12ebb7306) Importer(815301076,1909f56bfc062723c751e8b465ee728b)  -> (artifact id: 'e877ebfd3e5539d89d27df8a55439780') in 0.023749 seconds 
  Import took 0.027126 seconds .

========================================================================
Received Import Request.
  Time since last request: 2.205193 seconds.
  path: Assets/Prefabs/Prefab Asteroids/Asteroid_A.prefab
  artifactKey: Guid(1293b0763d7d344e0b908c097078ac09) Importer(815301076,1909f56bfc062723c751e8b465ee728b)
Start importing Assets/Prefabs/Prefab Asteroids/Asteroid_A.prefab using Guid(1293b0763d7d344e0b908c097078ac09) Importer(815301076,1909f56bfc062723c751e8b465ee728b)  -> (artifact id: '6ddeca3d251217ef11b25f7d97cf8826') in 0.026049 seconds 
  Import took 0.029157 seconds .

========================================================================
Received Import Request.
  Time since last request: 0.000629 seconds.
  path: Assets/Prefabs/Prefab Ship Parts/asteroids_ship0.prefab
  artifactKey: Guid(2a4573fd70efa094d84f72d5723ef9a6) Importer(815301076,1909f56bfc062723c751e8b465ee728b)
Start importing Assets/Prefabs/Prefab Ship Parts/asteroids_ship0.prefab using Guid(2a4573fd70efa094d84f72d5723ef9a6) Importer(815301076,1909f56bfc062723c751e8b465ee728b)  -> (artifact id: 'ba582bd66ddf25e178261344c122e385') in 0.023428 seconds 
  Import took 0.027514 seconds .

========================================================================
Received Import Request.
  Time since last request: 0.000628 seconds.
  path: Assets/Prefabs/Prefab Asteroids/Asteroid_B.prefab
  artifactKey: Guid(5513cde93bb3343768ced35921a9c3c2) Importer(815301076,1909f56bfc062723c751e8b465ee728b)
Start importing Assets/Prefabs/Prefab Asteroids/Asteroid_B.prefab using Guid(5513cde93bb3343768ced35921a9c3c2) Importer(815301076,1909f56bfc062723c751e8b465ee728b)  -> (artifact id: 'e507c422ec1c6f034b1f13ad2b3c53ea') in 0.027376 seconds 
  Import took 0.032945 seconds .

========================================================================
Received Import Request.
  Time since last request: 0.000586 seconds.
  path: Packages/com.unity.analytics/DataPrivacy/DataPrivacyButton.prefab
  artifactKey: Guid(71b11355001648444b41d17fd36c150d) Importer(815301076,1909f56bfc062723c751e8b465ee728b)
Start importing Packages/com.unity.analytics/DataPrivacy/DataPrivacyButton.prefab using Guid(71b11355001648444b41d17fd36c150d) Importer(815301076,1909f56bfc062723c751e8b465ee728b)  -> (artifact id: '09f9b9e315ebd1998aa1d3e23c6e34d4') in 0.030234 seconds 
  Import took 0.033543 seconds .

========================================================================
Received Import Request.
  Time since last request: 0.000531 seconds.
  path: Assets/Prefabs/Prefab Asteroids/Asteroid_C.prefab
  artifactKey: Guid(a6d3ccfc58a1f41368479aabb6050561) Importer(815301076,1909f56bfc062723c751e8b465ee728b)
Start importing Assets/Prefabs/Prefab Asteroids/Asteroid_C.prefab using Guid(a6d3ccfc58a1f41368479aabb6050561) Importer(815301076,1909f56bfc062723c751e8b465ee728b)  -> (artifact id: 'cfb56bdf2eea088cda81eb39f37b5b44') in 0.031102 seconds 
  Import took 0.034092 seconds .

========================================================================
Received Import Request.
  Time since last request: 0.000413 seconds.
  path: Assets/Prefabs/Prefab Ship Parts/asteroids_turret0.prefab
  artifactKey: Guid(8e30bba7ea392274bb56e88c8ba8f11f) Importer(815301076,1909f56bfc062723c751e8b465ee728b)
Start importing Assets/Prefabs/Prefab Ship Parts/asteroids_turret0.prefab using Guid(8e30bba7ea392274bb56e88c8ba8f11f) Importer(815301076,1909f56bfc062723c751e8b465ee728b)  -> (artifact id: '4852f3703727929ea69c7ce6e40b5759') in 0.046718 seconds 
  Import took 0.049713 seconds .

========================================================================
Received Import Request.
  Time since last request: 0.000471 seconds.
  path: Packages/com.unity.xr.legacyinputhelpers/Prefabs/XRRig.prefab
  artifactKey: Guid(c116b7497ab8ca34c9188965d4295e27) Importer(815301076,1909f56bfc062723c751e8b465ee728b)
Start importing Packages/com.unity.xr.legacyinputhelpers/Prefabs/XRRig.prefab using Guid(c116b7497ab8ca34c9188965d4295e27) Importer(815301076,1909f56bfc062723c751e8b465ee728b)  -> (artifact id: '4e0993ac88694dc4088532330439dbe4') in 0.019536 seconds 
  Import took 0.023475 seconds .

========================================================================
Received Import Request.
  Time since last request: 8.630450 seconds.
  path: Assets/Textures & Materials/Asteroid_A_dff.tif
  artifactKey: Guid(eeded9ae50d2a421482a12893298ba1e) Importer(815301076,1909f56bfc062723c751e8b465ee728b)
Start importing Assets/Textures & Materials/Asteroid_A_dff.tif using Guid(eeded9ae50d2a421482a12893298ba1e) Importer(815301076,1909f56bfc062723c751e8b465ee728b)  -> (artifact id: 'af86f2c987bf1256209140428cff58a4') in 0.033209 seconds 
  Import took 0.037531 seconds .

========================================================================
Received Import Request.
  Time since last request: 0.000566 seconds.
  path: Assets/Textures & Materials/Asteroid_C_dff.tif
  artifactKey: Guid(19596af03e2fd4c709d9c7fa9de0d35c) Importer(815301076,1909f56bfc062723c751e8b465ee728b)
Start importing Assets/Textures & Materials/Asteroid_C_dff.tif using Guid(19596af03e2fd4c709d9c7fa9de0d35c) Importer(815301076,1909f56bfc062723c751e8b465ee728b)  -> (artifact id: '0e0715f216f396769335cd844a423b7a') in 0.020408 seconds 
  Import took 0.023353 seconds .

========================================================================
Received Import Request.
  Time since last request: 0.000478 seconds.
  path: Assets/Textures & Materials/Asteroid_B_nrm.tif
  artifactKey: Guid(7a71dbae99ffc4936af06feea60596bd) Importer(815301076,1909f56bfc062723c751e8b465ee728b)
Start importing Assets/Textures & Materials/Asteroid_B_nrm.tif using Guid(7a71dbae99ffc4936af06feea60596bd) Importer(815301076,1909f56bfc062723c751e8b465ee728b)  -> (artifact id: '590ad1d3f824a8cf97fa550d7c484278') in 0.059018 seconds 
  Import took 0.062281 seconds .

========================================================================
Received Import Request.
  Time since last request: 0.000591 seconds.
  path: Assets/Textures & Materials/Asteroid_A_nrm.tif
  artifactKey: Guid(fc0d8f13545234450bffc2ac2c1be8ac) Importer(815301076,1909f56bfc062723c751e8b465ee728b)
Start importing Assets/Textures & Materials/Asteroid_A_nrm.tif using Guid(fc0d8f13545234450bffc2ac2c1be8ac) Importer(815301076,1909f56bfc062723c751e8b465ee728b)  -> (artifact id: 'f8c636436afa26c2ea2680ff291d286d') in 0.023622 seconds 
  Import took 0.027011 seconds .

========================================================================
Received Import Request.
  Time since last request: 0.000484 seconds.
  path: Assets/Textures & Materials/Asteroid_B_dff.tif
  artifactKey: Guid(b3e9c36a709c447bc98bc95e9c3bf4c3) Importer(815301076,1909f56bfc062723c751e8b465ee728b)
Start importing Assets/Textures & Materials/Asteroid_B_dff.tif using Guid(b3e9c36a709c447bc98bc95e9c3bf4c3) Importer(815301076,1909f56bfc062723c751e8b465ee728b)  -> (artifact id: 'c7975dcbb5d8650c6f9d7531d9a965a0') in 0.032307 seconds 
  Import took 0.035440 seconds .

========================================================================
Received Import Request.
  Time since last request: 0.000627 seconds.
  path: Assets/Textures & Materials/Asteroid_A_nrm.tif
  artifactKey: Guid(fc0d8f13545234450bffc2ac2c1be8ac) Importer(815301076,1909f56bfc062723c751e8b465ee728b)
Start importing Assets/Textures & Materials/Asteroid_A_nrm.tif using Guid(fc0d8f13545234450bffc2ac2c1be8ac) Importer(815301076,1909f56bfc062723c751e8b465ee728b)  -> (artifact id: 'f8c636436afa26c2ea2680ff291d286d') in 0.017228 seconds 
  Import took 0.020729 seconds .

========================================================================
Received Import Request.
  Time since last request: 0.000502 seconds.
  path: Assets/Textures & Materials/Asteroid_C_nrm.tif
  artifactKey: Guid(22c26f488434b43ca846643e1f57d0bb) Importer(815301076,1909f56bfc062723c751e8b465ee728b)
Start importing Assets/Textures & Materials/Asteroid_C_nrm.tif using Guid(22c26f488434b43ca846643e1f57d0bb) Importer(815301076,1909f56bfc062723c751e8b465ee728b)  -> (artifact id: '508af6b61880c0dd42934a2526a79b70') in 0.023532 seconds 
  Import took 0.026654 seconds .

========================================================================
Received Import Request.
  Time since last request: 0.000381 seconds.
  path: Assets/Textures & Materials/Space_Background.psd
  artifactKey: Guid(ee6beb54e9547464c8397d299d7ed4f7) Importer(815301076,1909f56bfc062723c751e8b465ee728b)
Start importing Assets/Textures & Materials/Space_Background.psd using Guid(ee6beb54e9547464c8397d299d7ed4f7) Importer(815301076,1909f56bfc062723c751e8b465ee728b)  -> (artifact id: '71346297f154fc63205b4410c8265924') in 0.086166 seconds 
  Import took 0.089745 seconds .

========================================================================
Received Import Request.
  Time since last request: 0.000481 seconds.
  path: Assets/Textures & Materials/Unity-1024.png
  artifactKey: Guid(93eac20eca8ab47e99c4c95569dee85e) Importer(815301076,1909f56bfc062723c751e8b465ee728b)
Start importing Assets/Textures & Materials/Unity-1024.png using Guid(93eac20eca8ab47e99c4c95569dee85e) Importer(815301076,1909f56bfc062723c751e8b465ee728b)  -> (artifact id: '1700a3c7c8355d6bea8866976f32b3b7') in 0.095582 seconds 
  Import took 0.098551 seconds .

========================================================================
Received Import Request.
  Time since last request: 0.836908 seconds.
  path: Packages/com.unity.2d.sprite/package.json
  artifactKey: Guid(7dc5f1e5d04ac8549ac21802071e983b) Importer(815301076,1909f56bfc062723c751e8b465ee728b)
Start importing Packages/com.unity.2d.sprite/package.json using Guid(7dc5f1e5d04ac8549ac21802071e983b) Importer(815301076,1909f56bfc062723c751e8b465ee728b)  -> (artifact id: 'c889ed47c73ac2761ac9ced28187a303') in 0.040598 seconds 
  Import took 0.044202 seconds .

========================================================================
Received Import Request.
  Time since last request: 0.556408 seconds.
  path: Packages/com.unity.2d.tilemap/package.json
  artifactKey: Guid(51797d68d3132bb419217a229e09fc47) Importer(815301076,1909f56bfc062723c751e8b465ee728b)
Start importing Packages/com.unity.2d.tilemap/package.json using Guid(51797d68d3132bb419217a229e09fc47) Importer(815301076,1909f56bfc062723c751e8b465ee728b)  -> (artifact id: '62ae9b142ff905336f62eb860bde9776') in 0.031233 seconds 
  Import took 0.034511 seconds .

========================================================================
Received Import Request.
  Time since last request: 0.563730 seconds.
  path: Packages/com.unity.ads/package.json
  artifactKey: Guid(dced8f6ea9f964e8e8e61574ea889d21) Importer(815301076,1909f56bfc062723c751e8b465ee728b)
Start importing Packages/com.unity.ads/package.json using Guid(dced8f6ea9f964e8e8e61574ea889d21) Importer(815301076,1909f56bfc062723c751e8b465ee728b)  -> (artifact id: '6b700ffceaebaf0ea7866cc2021d0c04') in 0.008618 seconds 
  Import took 0.012238 seconds .

========================================================================
Received Import Request.
  Time since last request: 0.222797 seconds.
  path: Packages/com.unity.analytics/package.json
  artifactKey: Guid(510d1d319d2754ea4a47c6dd8c421ea0) Importer(815301076,1909f56bfc062723c751e8b465ee728b)
Start importing Packages/com.unity.analytics/package.json using Guid(510d1d319d2754ea4a47c6dd8c421ea0) Importer(815301076,1909f56bfc062723c751e8b465ee728b)  -> (artifact id: 'fb2d6d97f4ba81d66a26ac8840d7d6f3') in 0.015887 seconds 
  Import took 0.019858 seconds .

========================================================================
Received Import Request.
  Time since last request: 0.145646 seconds.
  path: Packages/io.backtrace.unity/package.json
  artifactKey: Guid(5c69dbb44d1f6024895de19300f36c2e) Importer(815301076,1909f56bfc062723c751e8b465ee728b)
Start importing Packages/io.backtrace.unity/package.json using Guid(5c69dbb44d1f6024895de19300f36c2e) Importer(815301076,1909f56bfc062723c751e8b465ee728b)  -> (artifact id: 'f72cb5101521bf4f755987f79eb68d1b') in 0.006402 seconds 
  Import took 0.009383 seconds .

========================================================================
Received Import Request.
  Time since last request: 0.157857 seconds.
  path: Packages/com.unity.ext.nunit/package.json
  artifactKey: Guid(8143d3a8390f2c64685e3bc272bd9e90) Importer(815301076,1909f56bfc062723c751e8b465ee728b)
Start importing Packages/com.unity.ext.nunit/package.json using Guid(8143d3a8390f2c64685e3bc272bd9e90) Importer(815301076,1909f56bfc062723c751e8b465ee728b)  -> (artifact id: '36f449bd9ed4a92e06d659da724da745') in 0.005687 seconds 
  Import took 0.008822 seconds .

========================================================================
Received Import Request.
  Time since last request: 2.062350 seconds.
  path: Packages/com.unity.purchasing/package.json
  artifactKey: Guid(4797030ac1a4416a944aa07d854ffeb4) Importer(815301076,1909f56bfc062723c751e8b465ee728b)
Start importing Packages/com.unity.purchasing/package.json using Guid(4797030ac1a4416a944aa07d854ffeb4) Importer(815301076,1909f56bfc062723c751e8b465ee728b)  -> (artifact id: 'c64fcf9132e26fac6905a6073ff0c5c5') in 0.005932 seconds 
  Import took 0.009232 seconds .

========================================================================
Received Import Request.
  Time since last request: 0.173050 seconds.
  path: Packages/com.unity.inputsystem/package.json
  artifactKey: Guid(f0e14ea80f96b445f97b1c83650d5733) Importer(815301076,1909f56bfc062723c751e8b465ee728b)
Start importing Packages/com.unity.inputsystem/package.json using Guid(f0e14ea80f96b445f97b1c83650d5733) Importer(815301076,1909f56bfc062723c751e8b465ee728b)  -> (artifact id: '095833d9631608fc9ff53d6304e83b23') in 0.005698 seconds 
  Import took 0.009245 seconds .

========================================================================
Received Import Request.
  Time since last request: 0.168191 seconds.
  path: Packages/com.unity.ide.rider/package.json
  artifactKey: Guid(66c95bb3c74257f41bae2622511dc02d) Importer(815301076,1909f56bfc062723c751e8b465ee728b)
Start importing Packages/com.unity.ide.rider/package.json using Guid(66c95bb3c74257f41bae2622511dc02d) Importer(815301076,1909f56bfc062723c751e8b465ee728b)  -> (artifact id: '8e36a66a1c14b462dd7fe31aee4852c9') in 0.027533 seconds 
  Import took 0.030578 seconds .

========================================================================
Received Import Request.
  Time since last request: 71203.731992 seconds.
  path: Assets/Helpshift
  artifactKey: Guid(6fbf682c57be548c6a708b97f2d8b426) Importer(815301076,1909f56bfc062723c751e8b465ee728b)
Start importing Assets/Helpshift using Guid(6fbf682c57be548c6a708b97f2d8b426) Importer(815301076,1909f56bfc062723c751e8b465ee728b)  -> (artifact id: '2574ea3feec2b0b38ccbfedb7359edc4') in 0.044147 seconds 
  Import took 0.094795 seconds .

========================================================================
Received Prepare
Registering precompiled user dll's ...
Registered in 0.007098 seconds.
Begin MonoManager ReloadAssembly
Native extension for WindowsStandalone target not found
Native extension for OSXStandalone target not found
Native extension for WebGL target not found
Refreshing native plugins compatible for Editor in 0.75 ms, found 0 plugins.
Preloading 0 native plugins for Editor in 0.00 ms.
Mono: successfully reloaded assembly
- Completed reload, in  1.125 seconds
Platform modules already initialized, skipping
Switching build target platform(19) subTarget(0) extendedPlatform(0) -> platform(13) subTarget(589824) extendedPlatform(0)
Refreshing native plugins compatible for Editor in 0.67 ms, found 0 plugins.
Preloading 0 native plugins for Editor in 0.00 ms.
Unloading 2059 Unused Serialized files (Serialized files now loaded: 0)
System memory in use before: 88.6 MB.
System memory in use after: 88.7 MB.

Unloading 67 unused Assets to reduce memory usage. Loaded Objects now: 2520.
Total: 5.310800 ms (FindLiveObjects: 0.194400 ms CreateObjectMapping: 0.064900 ms MarkObjects: 4.834900 ms  DeleteObjects: 0.215400 ms)

AssetImportParameters requested are different than current active one (requested -> active):
  custom:framework-win-MediaFoundation: 216162199b28c13a410421893ffa2e32 -> 
  custom:video-decoder-ogg-theora: a1e56fd34408186e4bbccfd4996cb3dc -> 
  custom:container-muxer-webm: aa71ff27fc2769a1b78a27578f13a17b -> 
  custom:container-demuxer-webm: 4f35f7cbe854078d1ac9338744f61a02 -> 
  custom:container-demuxer-ogg: 62fdf1f143b41e24485cea50d1cbac27 -> 
  custom:video-encoder-webm-vp8: eb34c28f22e8b96e1ab97ce403110664 -> 
  custom:video-codec-MediaFoundation-h265: e54d7ab0439102e2317fc1e4b246158d -> 
  custom:video-decoder-webm-vp8: 9c59270c3fd7afecdb556c50c9e8de78 -> 
  custom:graphics/normal-map-encoding: 01000000000000000000000000000000 -> 02000000000000000000000000000000
  custom:audio-decoder-ogg-vorbis: bf7c407c2cedff20999df2af8eb42d56 -> 
  custom:audio-encoder-webm-vorbis: bf7c407c2cedff20999df2af8eb42d56 -> 
========================================================================
Received Prepare
Registering precompiled user dll's ...
Registered in 0.006255 seconds.
Begin MonoManager ReloadAssembly
Native extension for WindowsStandalone target not found
Native extension for OSXStandalone target not found
Native extension for WebGL target not found
Refreshing native plugins compatible for Editor in 0.69 ms, found 0 plugins.
Preloading 0 native plugins for Editor in 0.00 ms.
Mono: successfully reloaded assembly
- Completed reload, in  0.825 seconds
Platform modules already initialized, skipping
Switching build target platform(19) subTarget(0) extendedPlatform(0) -> platform(13) subTarget(589824) extendedPlatform(0)
Refreshing native plugins compatible for Editor in 0.68 ms, found 0 plugins.
Preloading 0 native plugins for Editor in 0.00 ms.
Unloading 2059 Unused Serialized files (Serialized files now loaded: 0)
System memory in use before: 88.7 MB.
System memory in use after: 88.8 MB.

Unloading 66 unused Assets to reduce memory usage. Loaded Objects now: 2523.
Total: 5.539700 ms (FindLiveObjects: 0.192800 ms CreateObjectMapping: 0.056500 ms MarkObjects: 5.248000 ms  DeleteObjects: 0.040800 ms)

AssetImportParameters requested are different than current active one (requested -> active):
  custom:framework-win-MediaFoundation: 216162199b28c13a410421893ffa2e32 -> 
  custom:video-decoder-ogg-theora: a1e56fd34408186e4bbccfd4996cb3dc -> 
  custom:container-muxer-webm: aa71ff27fc2769a1b78a27578f13a17b -> 
  custom:container-demuxer-webm: 4f35f7cbe854078d1ac9338744f61a02 -> 
  custom:container-demuxer-ogg: 62fdf1f143b41e24485cea50d1cbac27 -> 
  custom:video-encoder-webm-vp8: eb34c28f22e8b96e1ab97ce403110664 -> 
  custom:video-codec-MediaFoundation-h265: e54d7ab0439102e2317fc1e4b246158d -> 
  custom:video-decoder-webm-vp8: 9c59270c3fd7afecdb556c50c9e8de78 -> 
  custom:graphics/normal-map-encoding: 01000000000000000000000000000000 -> 02000000000000000000000000000000
  custom:audio-decoder-ogg-vorbis: bf7c407c2cedff20999df2af8eb42d56 -> 
  custom:audio-encoder-webm-vorbis: bf7c407c2cedff20999df2af8eb42d56 -> 
========================================================================
Received Prepare
Registering precompiled user dll's ...
Registered in 0.008233 seconds.
Begin MonoManager ReloadAssembly
Native extension for WindowsStandalone target not found
Native extension for OSXStandalone target not found
Native extension for WebGL target not found
Refreshing native plugins compatible for Editor in 0.68 ms, found 0 plugins.
Preloading 0 native plugins for Editor in 0.00 ms.
Mono: successfully reloaded assembly
- Completed reload, in  0.908 seconds
Platform modules already initialized, skipping
Switching build target platform(19) subTarget(0) extendedPlatform(0) -> platform(13) subTarget(589824) extendedPlatform(0)
Refreshing native plugins compatible for Editor in 0.92 ms, found 0 plugins.
Preloading 0 native plugins for Editor in 0.00 ms.
Unloading 2059 Unused Serialized files (Serialized files now loaded: 0)
System memory in use before: 88.7 MB.
System memory in use after: 88.8 MB.

Unloading 66 unused Assets to reduce memory usage. Loaded Objects now: 2526.
Total: 6.199800 ms (FindLiveObjects: 0.187400 ms CreateObjectMapping: 0.064800 ms MarkObjects: 5.912500 ms  DeleteObjects: 0.034100 ms)

AssetImportParameters requested are different than current active one (requested -> active):
  custom:framework-win-MediaFoundation: 216162199b28c13a410421893ffa2e32 -> 
  custom:video-decoder-ogg-theora: a1e56fd34408186e4bbccfd4996cb3dc -> 
  custom:container-muxer-webm: aa71ff27fc2769a1b78a27578f13a17b -> 
  custom:container-demuxer-webm: 4f35f7cbe854078d1ac9338744f61a02 -> 
  custom:container-demuxer-ogg: 62fdf1f143b41e24485cea50d1cbac27 -> 
  custom:video-encoder-webm-vp8: eb34c28f22e8b96e1ab97ce403110664 -> 
  custom:video-codec-MediaFoundation-h265: e54d7ab0439102e2317fc1e4b246158d -> 
  custom:video-decoder-webm-vp8: 9c59270c3fd7afecdb556c50c9e8de78 -> 
  custom:graphics/normal-map-encoding: 01000000000000000000000000000000 -> 02000000000000000000000000000000
  custom:audio-decoder-ogg-vorbis: bf7c407c2cedff20999df2af8eb42d56 -> 
  custom:audio-encoder-webm-vorbis: bf7c407c2cedff20999df2af8eb42d56 -> 
========================================================================
Received Import Request.
  Time since last request: 385.062931 seconds.
  path: Assets/__Scripts/AsteraX.cs
  artifactKey: Guid(c3741202a3a104a69836c48e84f91648) Importer(815301076,1909f56bfc062723c751e8b465ee728b)
Start importing Assets/__Scripts/AsteraX.cs using Guid(c3741202a3a104a69836c48e84f91648) Importer(815301076,1909f56bfc062723c751e8b465ee728b)  -> (artifact id: '15aca7e1366b324b493690ea574372e1') in 0.015557 seconds 
  Import took 0.019369 seconds .

========================================================================
Received Import Request.
  Time since last request: 0.004325 seconds.
  path: Assets/__Scripts/AsteraX.cs
  artifactKey: Guid(c3741202a3a104a69836c48e84f91648) Importer(815301076,1909f56bfc062723c751e8b465ee728b)
Start importing Assets/__Scripts/AsteraX.cs using Guid(c3741202a3a104a69836c48e84f91648) Importer(815301076,1909f56bfc062723c751e8b465ee728b)  -> (artifact id: '15aca7e1366b324b493690ea574372e1') in 0.003855 seconds 
  Import took 0.006792 seconds .

========================================================================
Received Prepare
Registering precompiled user dll's ...
Registered in 0.009114 seconds.
Begin MonoManager ReloadAssembly
Native extension for WindowsStandalone target not found
Native extension for OSXStandalone target not found
Native extension for WebGL target not found
Refreshing native plugins compatible for Editor in 0.86 ms, found 0 plugins.
Preloading 0 native plugins for Editor in 0.00 ms.
Mono: successfully reloaded assembly
- Completed reload, in  0.916 seconds
Platform modules already initialized, skipping
Switching build target platform(19) subTarget(0) extendedPlatform(0) -> platform(13) subTarget(589824) extendedPlatform(0)
Refreshing native plugins compatible for Editor in 0.86 ms, found 0 plugins.
Preloading 0 native plugins for Editor in 0.00 ms.
Unloading 2089 Unused Serialized files (Serialized files now loaded: 0)
System memory in use before: 89.5 MB.
System memory in use after: 89.6 MB.

Unloading 96 unused Assets to reduce memory usage. Loaded Objects now: 2529.
Total: 5.396100 ms (FindLiveObjects: 0.168600 ms CreateObjectMapping: 0.062300 ms MarkObjects: 5.126300 ms  DeleteObjects: 0.038000 ms)

AssetImportParameters requested are different than current active one (requested -> active):
  custom:framework-win-MediaFoundation: 216162199b28c13a410421893ffa2e32 -> 
  custom:video-decoder-ogg-theora: a1e56fd34408186e4bbccfd4996cb3dc -> 
  custom:container-muxer-webm: aa71ff27fc2769a1b78a27578f13a17b -> 
  custom:container-demuxer-webm: 4f35f7cbe854078d1ac9338744f61a02 -> 
  custom:container-demuxer-ogg: 62fdf1f143b41e24485cea50d1cbac27 -> 
  custom:video-encoder-webm-vp8: eb34c28f22e8b96e1ab97ce403110664 -> 
  custom:video-codec-MediaFoundation-h265: e54d7ab0439102e2317fc1e4b246158d -> 
  custom:video-decoder-webm-vp8: 9c59270c3fd7afecdb556c50c9e8de78 -> 
  custom:graphics/normal-map-encoding: 01000000000000000000000000000000 -> 02000000000000000000000000000000
  custom:audio-decoder-ogg-vorbis: bf7c407c2cedff20999df2af8eb42d56 -> 
  custom:audio-encoder-webm-vorbis: bf7c407c2cedff20999df2af8eb42d56 -> 
========================================================================
Received Import Request.
  Time since last request: 50.763152 seconds.
  path: Assets/__Scripts/AsteraX.cs
  artifactKey: Guid(c3741202a3a104a69836c48e84f91648) Importer(815301076,1909f56bfc062723c751e8b465ee728b)
Start importing Assets/__Scripts/AsteraX.cs using Guid(c3741202a3a104a69836c48e84f91648) Importer(815301076,1909f56bfc062723c751e8b465ee728b)  -> (artifact id: 'bb5087f5e55a0f1c64cc930da3412cdd') in 0.006722 seconds 
  Import took 0.010219 seconds .

========================================================================
Received Prepare
Registering precompiled user dll's ...
Registered in 0.006995 seconds.
Begin MonoManager ReloadAssembly
Native extension for WindowsStandalone target not found
Native extension for OSXStandalone target not found
Native extension for WebGL target not found
Refreshing native plugins compatible for Editor in 0.89 ms, found 0 plugins.
Preloading 0 native plugins for Editor in 0.00 ms.
Mono: successfully reloaded assembly
- Completed reload, in  0.918 seconds
Platform modules already initialized, skipping
Switching build target platform(19) subTarget(0) extendedPlatform(0) -> platform(13) subTarget(589824) extendedPlatform(0)
Refreshing native plugins compatible for Editor in 0.83 ms, found 0 plugins.
Preloading 0 native plugins for Editor in 0.00 ms.
Unloading 2089 Unused Serialized files (Serialized files now loaded: 0)
System memory in use before: 89.5 MB.
System memory in use after: 89.6 MB.

Unloading 96 unused Assets to reduce memory usage. Loaded Objects now: 2532.
Total: 5.697000 ms (FindLiveObjects: 0.171900 ms CreateObjectMapping: 0.068100 ms MarkObjects: 5.415800 ms  DeleteObjects: 0.040300 ms)

AssetImportParameters requested are different than current active one (requested -> active):
  custom:framework-win-MediaFoundation: 216162199b28c13a410421893ffa2e32 -> 
  custom:video-decoder-ogg-theora: a1e56fd34408186e4bbccfd4996cb3dc -> 
  custom:container-muxer-webm: aa71ff27fc2769a1b78a27578f13a17b -> 
  custom:container-demuxer-webm: 4f35f7cbe854078d1ac9338744f61a02 -> 
  custom:container-demuxer-ogg: 62fdf1f143b41e24485cea50d1cbac27 -> 
  custom:video-encoder-webm-vp8: eb34c28f22e8b96e1ab97ce403110664 -> 
  custom:video-codec-MediaFoundation-h265: e54d7ab0439102e2317fc1e4b246158d -> 
  custom:video-decoder-webm-vp8: 9c59270c3fd7afecdb556c50c9e8de78 -> 
  custom:graphics/normal-map-encoding: 01000000000000000000000000000000 -> 02000000000000000000000000000000
  custom:audio-decoder-ogg-vorbis: bf7c407c2cedff20999df2af8eb42d56 -> 
  custom:audio-encoder-webm-vorbis: bf7c407c2cedff20999df2af8eb42d56 -> 
========================================================================
Received Import Request.
  Time since last request: 240.580018 seconds.
  path: Assets/__Scripts/AsteraX.cs
  artifactKey: Guid(c3741202a3a104a69836c48e84f91648) Importer(815301076,1909f56bfc062723c751e8b465ee728b)
Start importing Assets/__Scripts/AsteraX.cs using Guid(c3741202a3a104a69836c48e84f91648) Importer(815301076,1909f56bfc062723c751e8b465ee728b)  -> (artifact id: 'be68482e4a8a15661efc83b5ad7777aa') in 0.006194 seconds 
  Import took 0.009094 seconds .

========================================================================
Received Import Request.
  Time since last request: 394.842789 seconds.
  path: Assets/Helpshift/Plugins
  artifactKey: Guid(c4d910ea1aa4c4c5bb7a871e74e427a6) Importer(815301076,1909f56bfc062723c751e8b465ee728b)
Start importing Assets/Helpshift/Plugins using Guid(c4d910ea1aa4c4c5bb7a871e74e427a6) Importer(815301076,1909f56bfc062723c751e8b465ee728b)  -> (artifact id: 'ef8f0588e8f3189f747bf6bb335cc7f0') in 0.009615 seconds 
  Import took 0.013203 seconds .

========================================================================
Received Import Request.
  Time since last request: 28.215446 seconds.
  path: Assets/Helpshift/Plugins/Helpshift.cs
  artifactKey: Guid(5bf193c4eea394595a7807c240033cfc) Importer(815301076,1909f56bfc062723c751e8b465ee728b)
Start importing Assets/Helpshift/Plugins/Helpshift.cs using Guid(5bf193c4eea394595a7807c240033cfc) Importer(815301076,1909f56bfc062723c751e8b465ee728b)  -> (artifact id: 'd49fb6d9406db500ae55d8fd20fe751e') in 0.010250 seconds 
  Import took 0.014495 seconds .

========================================================================
Received Import Request.
  Time since last request: 0.000809 seconds.
  path: Assets/Helpshift/Plugins/Helpshift.cs
  artifactKey: Guid(5bf193c4eea394595a7807c240033cfc) Importer(815301076,1909f56bfc062723c751e8b465ee728b)
Start importing Assets/Helpshift/Plugins/Helpshift.cs using Guid(5bf193c4eea394595a7807c240033cfc) Importer(815301076,1909f56bfc062723c751e8b465ee728b)  -> (artifact id: 'd49fb6d9406db500ae55d8fd20fe751e') in 0.004463 seconds 
  Import took 0.008372 seconds .

========================================================================
Received Import Request.
  Time since last request: 2.035642 seconds.
  path: Assets/Helpshift/Plugins/HelpshiftAuthenticationFailureReason.cs
  artifactKey: Guid(d522af616a5ed41acbaa4bc64e6de13a) Importer(815301076,1909f56bfc062723c751e8b465ee728b)
Start importing Assets/Helpshift/Plugins/HelpshiftAuthenticationFailureReason.cs using Guid(d522af616a5ed41acbaa4bc64e6de13a) Importer(815301076,1909f56bfc062723c751e8b465ee728b)  -> (artifact id: 'f5b40f20c53857bbbddbe2210b509025') in 0.010699 seconds 
  Import took 0.014208 seconds .

========================================================================
Received Import Request.
  Time since last request: 1.002687 seconds.
  path: Assets/Helpshift/Plugins/HelpshiftEvent.cs
  artifactKey: Guid(8069a3f369d7b4cf4b4ca85419f3b61e) Importer(815301076,1909f56bfc062723c751e8b465ee728b)
Start importing Assets/Helpshift/Plugins/HelpshiftEvent.cs using Guid(8069a3f369d7b4cf4b4ca85419f3b61e) Importer(815301076,1909f56bfc062723c751e8b465ee728b)  -> (artifact id: 'ae0cc22fffbeaa0481428577ce294d5f') in 0.011058 seconds 
  Import took 0.014015 seconds .

========================================================================
Received Import Request.
  Time since last request: 0.001627 seconds.
  path: Assets/Helpshift/Plugins/HelpshiftEvent.cs
  artifactKey: Guid(8069a3f369d7b4cf4b4ca85419f3b61e) Importer(815301076,1909f56bfc062723c751e8b465ee728b)
Start importing Assets/Helpshift/Plugins/HelpshiftEvent.cs using Guid(8069a3f369d7b4cf4b4ca85419f3b61e) Importer(815301076,1909f56bfc062723c751e8b465ee728b)  -> (artifact id: 'ae0cc22fffbeaa0481428577ce294d5f') in 0.004569 seconds 
  Import took 0.009180 seconds .

========================================================================
Received Import Request.
  Time since last request: 0.345330 seconds.
  path: Assets/Helpshift/Plugins/HelpshiftInternalLogger.cs
  artifactKey: Guid(c71525174a05e4b0dafdb27a39a833ee) Importer(815301076,1909f56bfc062723c751e8b465ee728b)
Start importing Assets/Helpshift/Plugins/HelpshiftInternalLogger.cs using Guid(c71525174a05e4b0dafdb27a39a833ee) Importer(815301076,1909f56bfc062723c751e8b465ee728b)  -> (artifact id: '24efd609f78ed40bb77b55d48329a6ee') in 0.012630 seconds 
  Import took 0.015761 seconds .

========================================================================
Received Import Request.
  Time since last request: 0.002135 seconds.
  path: Assets/Helpshift/Plugins/HelpshiftInternalLogger.cs
  artifactKey: Guid(c71525174a05e4b0dafdb27a39a833ee) Importer(815301076,1909f56bfc062723c751e8b465ee728b)
Start importing Assets/Helpshift/Plugins/HelpshiftInternalLogger.cs using Guid(c71525174a05e4b0dafdb27a39a833ee) Importer(815301076,1909f56bfc062723c751e8b465ee728b)  -> (artifact id: '24efd609f78ed40bb77b55d48329a6ee') in 0.004326 seconds 
  Import took 0.009500 seconds .

========================================================================
Received Import Request.
  Time since last request: 0.289216 seconds.
  path: Assets/Helpshift/Plugins/HSMiniJSON.cs
  artifactKey: Guid(e0056bb2fc85443afbe467581d841cf4) Importer(815301076,1909f56bfc062723c751e8b465ee728b)
Start importing Assets/Helpshift/Plugins/HSMiniJSON.cs using Guid(e0056bb2fc85443afbe467581d841cf4) Importer(815301076,1909f56bfc062723c751e8b465ee728b)  -> (artifact id: '457cd997cb1384e38cdaa30a14a99361') in 0.013749 seconds 
  Import took 0.016884 seconds .

========================================================================
Received Import Request.
  Time since last request: 0.629437 seconds.
  path: Assets/Helpshift/Plugins/IHelpshiftEventsListener.cs
  artifactKey: Guid(af230c3a52e1248c7aa1e62fb2b29c6f) Importer(815301076,1909f56bfc062723c751e8b465ee728b)
Start importing Assets/Helpshift/Plugins/IHelpshiftEventsListener.cs using Guid(af230c3a52e1248c7aa1e62fb2b29c6f) Importer(815301076,1909f56bfc062723c751e8b465ee728b)  -> (artifact id: '83815b517e0b657151d9959e74d5a032') in 0.012308 seconds 
  Import took 0.015764 seconds .

========================================================================
Received Import Request.
  Time since last request: 3.328525 seconds.
  path: Assets/Helpshift/Plugins/Android/Helpshiftandroid.cs
  artifactKey: Guid(14a9cca4be81948ad8f1fe413aaf3554) Importer(815301076,1909f56bfc062723c751e8b465ee728b)
Start importing Assets/Helpshift/Plugins/Android/Helpshiftandroid.cs using Guid(14a9cca4be81948ad8f1fe413aaf3554) Importer(815301076,1909f56bfc062723c751e8b465ee728b)  -> (artifact id: 'c4b1da39143022cfae6d5b57ba585da8') in 0.011636 seconds 
  Import took 0.014771 seconds .

========================================================================
Received Import Request.
  Time since last request: 0.001639 seconds.
  path: Assets/Helpshift/Plugins/Android/Helpshiftandroid.cs
  artifactKey: Guid(14a9cca4be81948ad8f1fe413aaf3554) Importer(815301076,1909f56bfc062723c751e8b465ee728b)
Start importing Assets/Helpshift/Plugins/Android/Helpshiftandroid.cs using Guid(14a9cca4be81948ad8f1fe413aaf3554) Importer(815301076,1909f56bfc062723c751e8b465ee728b)  -> (artifact id: 'c4b1da39143022cfae6d5b57ba585da8') in 0.004820 seconds 
  Import took 0.009516 seconds .

========================================================================
Received Import Request.
  Time since last request: 3.027832 seconds.
  path: Assets/Helpshift/Plugins/Android/HelpshiftAndroidEventsListener.cs
  artifactKey: Guid(05af362ad0e34430a8a654954ef72f8d) Importer(815301076,1909f56bfc062723c751e8b465ee728b)
Start importing Assets/Helpshift/Plugins/Android/HelpshiftAndroidEventsListener.cs using Guid(05af362ad0e34430a8a654954ef72f8d) Importer(815301076,1909f56bfc062723c751e8b465ee728b)  -> (artifact id: '11faebfe4d9ed2ee48d9da83da3b4377') in 0.011143 seconds 
  Import took 0.015156 seconds .

========================================================================
Received Import Request.
  Time since last request: 39.758266 seconds.
  path: Assets/Helpshift/Example/HelpshiftExampleScript.cs
  artifactKey: Guid(8ea6d33e29ffe46b785d61fa2e5fc5d7) Importer(815301076,1909f56bfc062723c751e8b465ee728b)
Start importing Assets/Helpshift/Example/HelpshiftExampleScript.cs using Guid(8ea6d33e29ffe46b785d61fa2e5fc5d7) Importer(815301076,1909f56bfc062723c751e8b465ee728b)  -> (artifact id: 'f089ef4f045100c6f81a16c8c933c9cc') in 0.009311 seconds 
  Import took 0.012285 seconds .

========================================================================
Received Import Request.
  Time since last request: 0.001172 seconds.
  path: Assets/Helpshift/Example/HelpshiftExampleScript.cs
  artifactKey: Guid(8ea6d33e29ffe46b785d61fa2e5fc5d7) Importer(815301076,1909f56bfc062723c751e8b465ee728b)
Start importing Assets/Helpshift/Example/HelpshiftExampleScript.cs using Guid(8ea6d33e29ffe46b785d61fa2e5fc5d7) Importer(815301076,1909f56bfc062723c751e8b465ee728b)  -> (artifact id: 'f089ef4f045100c6f81a16c8c933c9cc') in 0.003875 seconds 
  Import took 0.007177 seconds .

========================================================================
Received Import Request.
  Time since last request: 1.322336 seconds.
  path: Assets/Helpshift/Example/HSEventsListener.cs
  artifactKey: Guid(50979a1615b254ec693a5ec7f0991626) Importer(815301076,1909f56bfc062723c751e8b465ee728b)
Start importing Assets/Helpshift/Example/HSEventsListener.cs using Guid(50979a1615b254ec693a5ec7f0991626) Importer(815301076,1909f56bfc062723c751e8b465ee728b)  -> (artifact id: '2540f25bf83ed32da074247386d1c12e') in 0.011427 seconds 
  Import took 0.014732 seconds .

========================================================================
Received Import Request.
  Time since last request: 3.774995 seconds.
  path: Assets/Helpshift/Example/Textures/background.png
  artifactKey: Guid(d3b69cb5e0d714bfe97d5aadab8ac566) Importer(815301076,1909f56bfc062723c751e8b465ee728b)
Start importing Assets/Helpshift/Example/Textures/background.png using Guid(d3b69cb5e0d714bfe97d5aadab8ac566) Importer(815301076,1909f56bfc062723c751e8b465ee728b)  -> (artifact id: 'e406114514e45c1ce067a4db419f0685') in 0.125526 seconds 
  Import took 0.128736 seconds .

========================================================================
Received Import Request.
  Time since last request: 2.319557 seconds.
  path: Assets/Helpshift/Example/HelpshiftExample.unity
  artifactKey: Guid(b0dc9f99bd0944cd39015e6a745f5641) Importer(815301076,1909f56bfc062723c751e8b465ee728b)
Start importing Assets/Helpshift/Example/HelpshiftExample.unity using Guid(b0dc9f99bd0944cd39015e6a745f5641) Importer(815301076,1909f56bfc062723c751e8b465ee728b)  -> (artifact id: 'f260dfe42a8f4d53e2f5b5e8fc4858b0') in 0.011021 seconds 
  Import took 0.014095 seconds .

========================================================================
Received Import Request.
  Time since last request: 65.530861 seconds.
  path: Assets/Helpshift/Editor/HelpshiftPostProcess.cs
  artifactKey: Guid(9b3cd08777704440fa02b5ef629decd3) Importer(815301076,1909f56bfc062723c751e8b465ee728b)
Start importing Assets/Helpshift/Editor/HelpshiftPostProcess.cs using Guid(9b3cd08777704440fa02b5ef629decd3) Importer(815301076,1909f56bfc062723c751e8b465ee728b)  -> (artifact id: 'c30386f7779f735e7efa5e346add94c6') in 0.011358 seconds 
  Import took 0.015583 seconds .

========================================================================
Received Import Request.
  Time since last request: 0.000816 seconds.
  path: Assets/Helpshift/Editor/HelpshiftPostProcess.cs
  artifactKey: Guid(9b3cd08777704440fa02b5ef629decd3) Importer(815301076,1909f56bfc062723c751e8b465ee728b)
Start importing Assets/Helpshift/Editor/HelpshiftPostProcess.cs using Guid(9b3cd08777704440fa02b5ef629decd3) Importer(815301076,1909f56bfc062723c751e8b465ee728b)  -> (artifact id: 'c30386f7779f735e7efa5e346add94c6') in 0.004598 seconds 
  Import took 0.008223 seconds .

========================================================================
Received Import Request.
  Time since last request: 1.626615 seconds.
  path: Assets/Helpshift/Editor/HsUnityEditor.iOS.Xcode.dll
  artifactKey: Guid(27f97bec042734e1d886c71641b48673) Importer(815301076,1909f56bfc062723c751e8b465ee728b)
Start importing Assets/Helpshift/Editor/HsUnityEditor.iOS.Xcode.dll using Guid(27f97bec042734e1d886c71641b48673) Importer(815301076,1909f56bfc062723c751e8b465ee728b)  -> (artifact id: 'f003fb72b3fa2272b5e2f1d7bae4cdda') in 0.023197 seconds 
  Import took 0.026242 seconds .

========================================================================
Received Import Request.
  Time since last request: 0.020901 seconds.
  path: Assets/Helpshift/Editor/HsUnityEditor.iOS.Xcode.dll
  artifactKey: Guid(27f97bec042734e1d886c71641b48673) Importer(815301076,1909f56bfc062723c751e8b465ee728b)
Start importing Assets/Helpshift/Editor/HsUnityEditor.iOS.Xcode.dll using Guid(27f97bec042734e1d886c71641b48673) Importer(815301076,1909f56bfc062723c751e8b465ee728b)  -> (artifact id: 'f003fb72b3fa2272b5e2f1d7bae4cdda') in 0.003681 seconds 
  Import took 0.006622 seconds .

========================================================================
Received Import Request.
  Time since last request: 40.357354 seconds.
  path: Assets/Helpshift/NOTICE_IOS.txt
  artifactKey: Guid(4316bfdbbef6a4b2e8b25618c03501f3) Importer(815301076,1909f56bfc062723c751e8b465ee728b)
Start importing Assets/Helpshift/NOTICE_IOS.txt using Guid(4316bfdbbef6a4b2e8b25618c03501f3) Importer(815301076,1909f56bfc062723c751e8b465ee728b)  -> (artifact id: '5d6f146a01a26d0178af16b9039e91e3') in 0.016471 seconds 
  Import took 0.019584 seconds .

========================================================================
Received Import Request.
  Time since last request: 0.011978 seconds.
  path: Assets/Helpshift/NOTICE_IOS.txt
  artifactKey: Guid(4316bfdbbef6a4b2e8b25618c03501f3) Importer(815301076,1909f56bfc062723c751e8b465ee728b)
Start importing Assets/Helpshift/NOTICE_IOS.txt using Guid(4316bfdbbef6a4b2e8b25618c03501f3) Importer(815301076,1909f56bfc062723c751e8b465ee728b)  -> (artifact id: '5d6f146a01a26d0178af16b9039e91e3') in 0.005286 seconds 
  Import took 0.008860 seconds .

========================================================================
Received Import Request.
  Time since last request: 2.590801 seconds.
  path: Assets/Helpshift/Example
  artifactKey: Guid(66db1497db93e4c048ecdfab562d2767) Importer(815301076,1909f56bfc062723c751e8b465ee728b)
Start importing Assets/Helpshift/Example using Guid(66db1497db93e4c048ecdfab562d2767) Importer(815301076,1909f56bfc062723c751e8b465ee728b)  -> (artifact id: '5122c82cbe5b91b139b61f8c8eb50e71') in 0.128500 seconds 
  Import took 0.133417 seconds .

========================================================================
Received Import Request.
  Time since last request: 0.489992 seconds.
  path: Assets/Helpshift/Editor
  artifactKey: Guid(594315fd1d6f14d81bdb2af4fb373b0f) Importer(815301076,1909f56bfc062723c751e8b465ee728b)
Start importing Assets/Helpshift/Editor using Guid(594315fd1d6f14d81bdb2af4fb373b0f) Importer(815301076,1909f56bfc062723c751e8b465ee728b)  -> (artifact id: '4b97b0e2cc87c3ebee6fd3e246235f45') in 0.009678 seconds 
  Import took 0.012709 seconds .

========================================================================
Received Import Request.
  Time since last request: 3.189487 seconds.
  path: Assets/Helpshift/Editor/HelpshiftDependencies.xml
  artifactKey: Guid(fb5f9142f8c1e499a9c2b80b8a8870da) Importer(815301076,1909f56bfc062723c751e8b465ee728b)
Start importing Assets/Helpshift/Editor/HelpshiftDependencies.xml using Guid(fb5f9142f8c1e499a9c2b80b8a8870da) Importer(815301076,1909f56bfc062723c751e8b465ee728b)  -> (artifact id: '3991bd2accfeefa8bb0392878981fe9d') in 0.011724 seconds 
  Import took 0.015293 seconds .

========================================================================
Received Import Request.
  Time since last request: 8.423432 seconds.
  path: Assets/Helpshift/Example/HelpshiftExampleSettings.lighting
  artifactKey: Guid(7d6d5dae01ebcdd4f8afbab575ab0070) Importer(815301076,1909f56bfc062723c751e8b465ee728b)
Start importing Assets/Helpshift/Example/HelpshiftExampleSettings.lighting using Guid(7d6d5dae01ebcdd4f8afbab575ab0070) Importer(815301076,1909f56bfc062723c751e8b465ee728b) LightingSettings: switching bake backend from 1 to 0.
 -> (artifact id: 'e55806c9c714840b026879e15b820bac') in 0.013527 seconds 
  Import took 0.018291 seconds .

========================================================================
Received Prepare
Registering precompiled user dll's ...
Registered in 0.007166 seconds.
Begin MonoManager ReloadAssembly
Native extension for WindowsStandalone target not found
Native extension for OSXStandalone target not found
Native extension for WebGL target not found
Refreshing native plugins compatible for Editor in 0.86 ms, found 0 plugins.
Preloading 0 native plugins for Editor in 0.00 ms.
Mono: successfully reloaded assembly
- Completed reload, in  0.947 seconds
Platform modules already initialized, skipping
Switching build target platform(19) subTarget(0) extendedPlatform(0) -> platform(13) subTarget(589824) extendedPlatform(0)
Refreshing native plugins compatible for Editor in 0.86 ms, found 0 plugins.
Preloading 0 native plugins for Editor in 0.00 ms.
Unloading 2089 Unused Serialized files (Serialized files now loaded: 0)
System memory in use before: 89.6 MB.
System memory in use after: 89.7 MB.

Unloading 96 unused Assets to reduce memory usage. Loaded Objects now: 2535.
Total: 5.116000 ms (FindLiveObjects: 0.182300 ms CreateObjectMapping: 0.072900 ms MarkObjects: 4.825000 ms  DeleteObjects: 0.034400 ms)

AssetImportParameters requested are different than current active one (requested -> active):
  custom:framework-win-MediaFoundation: 216162199b28c13a410421893ffa2e32 -> 
  custom:video-decoder-ogg-theora: a1e56fd34408186e4bbccfd4996cb3dc -> 
  custom:container-muxer-webm: aa71ff27fc2769a1b78a27578f13a17b -> 
  custom:container-demuxer-webm: 4f35f7cbe854078d1ac9338744f61a02 -> 
  custom:container-demuxer-ogg: 62fdf1f143b41e24485cea50d1cbac27 -> 
  custom:video-encoder-webm-vp8: eb34c28f22e8b96e1ab97ce403110664 -> 
  custom:video-codec-MediaFoundation-h265: e54d7ab0439102e2317fc1e4b246158d -> 
  custom:video-decoder-webm-vp8: 9c59270c3fd7afecdb556c50c9e8de78 -> 
  custom:graphics/normal-map-encoding: 01000000000000000000000000000000 -> 02000000000000000000000000000000
  custom:audio-decoder-ogg-vorbis: bf7c407c2cedff20999df2af8eb42d56 -> 
  custom:audio-encoder-webm-vorbis: bf7c407c2cedff20999df2af8eb42d56 -> 
========================================================================
Received Import Request.
  Time since last request: 242.457525 seconds.
  path: Assets/_Scenes/_Scene_0.unity
  artifactKey: Guid(a91ba16b4cb01324a9e5a2ba92e03a08) Importer(815301076,1909f56bfc062723c751e8b465ee728b)
Start importing Assets/_Scenes/_Scene_0.unity using Guid(a91ba16b4cb01324a9e5a2ba92e03a08) Importer(815301076,1909f56bfc062723c751e8b465ee728b)  -> (artifact id: '52a27dfbbf48d2f024581d69f71b2e3a') in 0.016516 seconds 
  Import took 0.022054 seconds .

========================================================================
Received Import Request.
  Time since last request: 0.001157 seconds.
  path: Assets/_Scenes/_Scene_0.unity
  artifactKey: Guid(a91ba16b4cb01324a9e5a2ba92e03a08) Importer(815301076,1909f56bfc062723c751e8b465ee728b)
Start importing Assets/_Scenes/_Scene_0.unity using Guid(a91ba16b4cb01324a9e5a2ba92e03a08) Importer(815301076,1909f56bfc062723c751e8b465ee728b)  -> (artifact id: '52a27dfbbf48d2f024581d69f71b2e3a') in 0.004972 seconds 
  Import took 0.009543 seconds .

========================================================================
Received Prepare
Registering precompiled user dll's ...
Registered in 0.007553 seconds.
Begin MonoManager ReloadAssembly
Native extension for WindowsStandalone target not found
Native extension for OSXStandalone target not found
Native extension for WebGL target not found
Refreshing native plugins compatible for Editor in 1.01 ms, found 0 plugins.
Preloading 0 native plugins for Editor in 0.00 ms.
Mono: successfully reloaded assembly
- Completed reload, in  1.121 seconds
Platform modules already initialized, skipping
Switching build target platform(19) subTarget(0) extendedPlatform(0) -> platform(13) subTarget(589824) extendedPlatform(0)
Refreshing native plugins compatible for Editor in 1.13 ms, found 0 plugins.
Preloading 0 native plugins for Editor in 0.00 ms.
Unloading 2089 Unused Serialized files (Serialized files now loaded: 0)
System memory in use before: 89.6 MB.
System memory in use after: 89.7 MB.

Unloading 96 unused Assets to reduce memory usage. Loaded Objects now: 2538.
Total: 5.350300 ms (FindLiveObjects: 0.194100 ms CreateObjectMapping: 0.071700 ms MarkObjects: 5.039000 ms  DeleteObjects: 0.044100 ms)

AssetImportParameters requested are different than current active one (requested -> active):
  custom:framework-win-MediaFoundation: 216162199b28c13a410421893ffa2e32 -> 
  custom:video-decoder-ogg-theora: a1e56fd34408186e4bbccfd4996cb3dc -> 
  custom:container-muxer-webm: aa71ff27fc2769a1b78a27578f13a17b -> 
  custom:container-demuxer-webm: 4f35f7cbe854078d1ac9338744f61a02 -> 
  custom:container-demuxer-ogg: 62fdf1f143b41e24485cea50d1cbac27 -> 
  custom:video-encoder-webm-vp8: eb34c28f22e8b96e1ab97ce403110664 -> 
  custom:video-codec-MediaFoundation-h265: e54d7ab0439102e2317fc1e4b246158d -> 
  custom:video-decoder-webm-vp8: 9c59270c3fd7afecdb556c50c9e8de78 -> 
  custom:graphics/normal-map-encoding: 01000000000000000000000000000000 -> 02000000000000000000000000000000
  custom:audio-decoder-ogg-vorbis: bf7c407c2cedff20999df2af8eb42d56 -> 
  custom:audio-encoder-webm-vorbis: bf7c407c2cedff20999df2af8eb42d56 -> 
========================================================================
Received Prepare
Refreshing native plugins compatible for Editor in 20.75 ms, found 0 plugins.
Preloading 0 native plugins for Editor in 0.00 ms.
Unloading 94 Unused Serialized files (Serialized files now loaded: 0)
System memory in use before: 50.3 MB.
System memory in use after: 50.4 MB.

Unloading 94 unused Assets to reduce memory usage. Loaded Objects now: 2538.
Total: 6.384300 ms (FindLiveObjects: 0.511500 ms CreateObjectMapping: 0.085000 ms MarkObjects: 5.731700 ms  DeleteObjects: 0.054600 ms)

AssetImportParameters requested are different than current active one (requested -> active):
  custom:framework-win-MediaFoundation: 216162199b28c13a410421893ffa2e32 -> 
  custom:video-decoder-ogg-theora: a1e56fd34408186e4bbccfd4996cb3dc -> 
  custom:container-muxer-webm: aa71ff27fc2769a1b78a27578f13a17b -> 
  custom:container-demuxer-webm: 4f35f7cbe854078d1ac9338744f61a02 -> 
  custom:container-demuxer-ogg: 62fdf1f143b41e24485cea50d1cbac27 -> 
  custom:video-encoder-webm-vp8: eb34c28f22e8b96e1ab97ce403110664 -> 
  custom:video-codec-MediaFoundation-h265: e54d7ab0439102e2317fc1e4b246158d -> 
  custom:video-decoder-webm-vp8: 9c59270c3fd7afecdb556c50c9e8de78 -> 
  custom:audio-decoder-ogg-vorbis: bf7c407c2cedff20999df2af8eb42d56 -> 
  custom:audio-encoder-webm-vorbis: bf7c407c2cedff20999df2af8eb42d56 -> 
========================================================================
Received Prepare
Registering precompiled user dll's ...
Registered in 0.006959 seconds.
Begin MonoManager ReloadAssembly
Native extension for WindowsStandalone target not found
Native extension for OSXStandalone target not found
Native extension for WebGL target not found
Refreshing native plugins compatible for Editor in 1.03 ms, found 0 plugins.
Preloading 0 native plugins for Editor in 0.00 ms.
Mono: successfully reloaded assembly
- Completed reload, in  0.953 seconds
Platform modules already initialized, skipping
Switching build target platform(19) subTarget(0) extendedPlatform(0) -> platform(13) subTarget(589824) extendedPlatform(0)
Refreshing native plugins compatible for Editor in 0.85 ms, found 0 plugins.
Preloading 0 native plugins for Editor in 0.00 ms.
Unloading 2089 Unused Serialized files (Serialized files now loaded: 0)
System memory in use before: 89.6 MB.
System memory in use after: 89.7 MB.

Unloading 96 unused Assets to reduce memory usage. Loaded Objects now: 2541.
Total: 6.364400 ms (FindLiveObjects: 0.226300 ms CreateObjectMapping: 0.081500 ms MarkObjects: 6.015100 ms  DeleteObjects: 0.040000 ms)

AssetImportParameters requested are different than current active one (requested -> active):
  custom:framework-win-MediaFoundation: 216162199b28c13a410421893ffa2e32 -> 
  custom:video-decoder-ogg-theora: a1e56fd34408186e4bbccfd4996cb3dc -> 
  custom:container-muxer-webm: aa71ff27fc2769a1b78a27578f13a17b -> 
  custom:container-demuxer-webm: 4f35f7cbe854078d1ac9338744f61a02 -> 
  custom:container-demuxer-ogg: 62fdf1f143b41e24485cea50d1cbac27 -> 
  custom:video-encoder-webm-vp8: eb34c28f22e8b96e1ab97ce403110664 -> 
  custom:video-codec-MediaFoundation-h265: e54d7ab0439102e2317fc1e4b246158d -> 
  custom:video-decoder-webm-vp8: 9c59270c3fd7afecdb556c50c9e8de78 -> 
  custom:graphics/normal-map-encoding: 01000000000000000000000000000000 -> 02000000000000000000000000000000
  custom:audio-decoder-ogg-vorbis: bf7c407c2cedff20999df2af8eb42d56 -> 
  custom:audio-encoder-webm-vorbis: bf7c407c2cedff20999df2af8eb42d56 -> 
========================================================================
Received Prepare
Refreshing native plugins compatible for Editor in 26.64 ms, found 0 plugins.
Preloading 0 native plugins for Editor in 0.00 ms.
Unloading 94 Unused Serialized files (Serialized files now loaded: 0)
System memory in use before: 50.3 MB.
System memory in use after: 50.4 MB.

Unloading 94 unused Assets to reduce memory usage. Loaded Objects now: 2541.
Total: 5.920800 ms (FindLiveObjects: 0.256100 ms CreateObjectMapping: 0.118900 ms MarkObjects: 5.503300 ms  DeleteObjects: 0.040900 ms)

AssetImportParameters requested are different than current active one (requested -> active):
  custom:framework-win-MediaFoundation: 216162199b28c13a410421893ffa2e32 -> 
  custom:video-decoder-ogg-theora: a1e56fd34408186e4bbccfd4996cb3dc -> 
  custom:container-muxer-webm: aa71ff27fc2769a1b78a27578f13a17b -> 
  custom:container-demuxer-webm: 4f35f7cbe854078d1ac9338744f61a02 -> 
  custom:container-demuxer-ogg: 62fdf1f143b41e24485cea50d1cbac27 -> 
  custom:video-encoder-webm-vp8: eb34c28f22e8b96e1ab97ce403110664 -> 
  custom:video-codec-MediaFoundation-h265: e54d7ab0439102e2317fc1e4b246158d -> 
  custom:video-decoder-webm-vp8: 9c59270c3fd7afecdb556c50c9e8de78 -> 
  custom:audio-decoder-ogg-vorbis: bf7c407c2cedff20999df2af8eb42d56 -> 
  custom:audio-encoder-webm-vorbis: bf7c407c2cedff20999df2af8eb42d56 -> 
